D:\MARIODOCS\FH\MMR\1.SEMSTER\MODERNE PROGRAMMIERKONZEPTE ILV  MMR-1 VZ (WS2011)\ABGABEN\PROJECT3_ASTAR\DEBUG\PROJECT3_ASTAR.EXE
D:\MARIODOCS\FH\MMR\1.SEMSTER\MODERNE PROGRAMMIERKONZEPTE ILV  MMR-1 VZ (WS2011)\ABGABEN\PROJECT3_ASTAR\DEBUG\PROJECT3_ASTAR.ILK
D:\MARIODOCS\FH\MMR\1.SEMSTER\MODERNE PROGRAMMIERKONZEPTE ILV  MMR-1 VZ (WS2011)\ABGABEN\PROJECT3_ASTAR\DEBUG\PROJECT3_ASTAR.PDB
D:\MARIODOCS\FH\MMR\1.SEMSTER\MODERNE PROGRAMMIERKONZEPTE ILV  MMR-1 VZ (WS2011)\ABGABEN\PROJECT3_ASTAR\HAUSAUFGABE6\DEBUG\AGENT.OBJ
D:\mariodocs\FH\mmr\1.Semster\Moderne Programmierkonzepte ILV  MMR-1 VZ (WS2011)\abgaben\project3_astar\hausaufgabe6\Debug\cl.command.1.tlog
D:\mariodocs\FH\mmr\1.Semster\Moderne Programmierkonzepte ILV  MMR-1 VZ (WS2011)\abgaben\project3_astar\hausaufgabe6\Debug\CL.read.1.tlog
D:\mariodocs\FH\mmr\1.Semster\Moderne Programmierkonzepte ILV  MMR-1 VZ (WS2011)\abgaben\project3_astar\hausaufgabe6\Debug\CL.write.1.tlog
D:\mariodocs\FH\mmr\1.Semster\Moderne Programmierkonzepte ILV  MMR-1 VZ (WS2011)\abgaben\project3_astar\hausaufgabe6\Debug\link.4488.read.1.tlog
D:\mariodocs\FH\mmr\1.Semster\Moderne Programmierkonzepte ILV  MMR-1 VZ (WS2011)\abgaben\project3_astar\hausaufgabe6\Debug\link.4488.write.1.tlog
D:\mariodocs\FH\mmr\1.Semster\Moderne Programmierkonzepte ILV  MMR-1 VZ (WS2011)\abgaben\project3_astar\hausaufgabe6\Debug\link.4488-cvtres.read.1.tlog
D:\mariodocs\FH\mmr\1.Semster\Moderne Programmierkonzepte ILV  MMR-1 VZ (WS2011)\abgaben\project3_astar\hausaufgabe6\Debug\link.4488-cvtres.write.1.tlog
D:\mariodocs\FH\mmr\1.Semster\Moderne Programmierkonzepte ILV  MMR-1 VZ (WS2011)\abgaben\project3_astar\hausaufgabe6\Debug\link.command.1.tlog
D:\mariodocs\FH\mmr\1.Semster\Moderne Programmierkonzepte ILV  MMR-1 VZ (WS2011)\abgaben\project3_astar\hausaufgabe6\Debug\link.read.1.tlog
D:\mariodocs\FH\mmr\1.Semster\Moderne Programmierkonzepte ILV  MMR-1 VZ (WS2011)\abgaben\project3_astar\hausaufgabe6\Debug\link.write.1.tlog
D:\mariodocs\FH\mmr\1.Semster\Moderne Programmierkonzepte ILV  MMR-1 VZ (WS2011)\abgaben\project3_astar\hausaufgabe6\Debug\link-cvtres.read.1.tlog
D:\mariodocs\FH\mmr\1.Semster\Moderne Programmierkonzepte ILV  MMR-1 VZ (WS2011)\abgaben\project3_astar\hausaufgabe6\Debug\link-cvtres.write.1.tlog
D:\mariodocs\FH\mmr\1.Semster\Moderne Programmierkonzepte ILV  MMR-1 VZ (WS2011)\abgaben\project3_astar\hausaufgabe6\Debug\mt.command.1.tlog
D:\mariodocs\FH\mmr\1.Semster\Moderne Programmierkonzepte ILV  MMR-1 VZ (WS2011)\abgaben\project3_astar\hausaufgabe6\Debug\mt.read.1.tlog
D:\mariodocs\FH\mmr\1.Semster\Moderne Programmierkonzepte ILV  MMR-1 VZ (WS2011)\abgaben\project3_astar\hausaufgabe6\Debug\mt.write.1.tlog
D:\MARIODOCS\FH\MMR\1.SEMSTER\MODERNE PROGRAMMIERKONZEPTE ILV  MMR-1 VZ (WS2011)\ABGABEN\PROJECT3_ASTAR\HAUSAUFGABE6\DEBUG\PROJECT3_ASTAR.EXE.EMBED.MANIFEST
D:\MARIODOCS\FH\MMR\1.SEMSTER\MODERNE PROGRAMMIERKONZEPTE ILV  MMR-1 VZ (WS2011)\ABGABEN\PROJECT3_ASTAR\HAUSAUFGABE6\DEBUG\PROJECT3_ASTAR.EXE.EMBED.MANIFEST.RES
D:\MARIODOCS\FH\MMR\1.SEMSTER\MODERNE PROGRAMMIERKONZEPTE ILV  MMR-1 VZ (WS2011)\ABGABEN\PROJECT3_ASTAR\HAUSAUFGABE6\DEBUG\PROJECT3_ASTAR.EXE.INTERMEDIATE.MANIFEST
D:\mariodocs\FH\mmr\1.Semster\Moderne Programmierkonzepte ILV  MMR-1 VZ (WS2011)\abgaben\project3_astar\hausaufgabe6\Debug\project3_astar_manifest.rc
D:\MARIODOCS\FH\MMR\1.SEMSTER\MODERNE PROGRAMMIERKONZEPTE ILV  MMR-1 VZ (WS2011)\ABGABEN\PROJECT3_ASTAR\HAUSAUFGABE6\DEBUG\PROJECT3_MAIN.OBJ
D:\mariodocs\FH\mmr\1.Semster\Moderne Programmierkonzepte ILV  MMR-1 VZ (WS2011)\abgaben\project3_astar\hausaufgabe6\Debug\rc.command.1.tlog
D:\mariodocs\FH\mmr\1.Semster\Moderne Programmierkonzepte ILV  MMR-1 VZ (WS2011)\abgaben\project3_astar\hausaufgabe6\Debug\rc.read.1.tlog
D:\mariodocs\FH\mmr\1.Semster\Moderne Programmierkonzepte ILV  MMR-1 VZ (WS2011)\abgaben\project3_astar\hausaufgabe6\Debug\rc.write.1.tlog
D:\mariodocs\FH\mmr\1.Semster\Moderne Programmierkonzepte ILV  MMR-1 VZ (WS2011)\abgaben\project3_astar\hausaufgabe6\Debug\vc100.idb
D:\MARIODOCS\FH\MMR\1.SEMSTER\MODERNE PROGRAMMIERKONZEPTE ILV  MMR-1 VZ (WS2011)\ABGABEN\PROJECT3_ASTAR\HAUSAUFGABE6\DEBUG\VC100.PDB
